<?xml version="1.0" encoding="UTF-8"?>
<!-- Generated by org.testng.reporters.JUnitReportReporter -->
<testsuite hostname="DESKTOP-BRIO49B" failures="0" tests="1" name="learnTestng2.TC_002_AddEmployee" time="37.643" errors="0" timestamp="2022-05-29T09:05:43 EDT" skipped="0">
  <testcase classname="learnTestng2.TC_002_AddEmployee" name="addEmployee" time="37.643"/>
  <system-out/>
</testsuite> <!-- learnTestng2.TC_002_AddEmployee -->
