<?xml version="1.0" encoding="UTF-8"?>
<!-- Generated by org.testng.reporters.JUnitReportReporter -->
<testsuite hostname="DESKTOP-BRIO49B" failures="0" tests="2" name="learnTestng2.TC_001_Hw_EditEmployee" time="55.235" errors="0" timestamp="2022-06-01T10:14:36 EDT" skipped="0">
  <testcase classname="learnTestng2.TC_001_Hw_EditEmployee" name="EditEmployee" time="25.077"/>
  <system-out/>
  <testcase classname="learnTestng2.TC_001_Hw_EditEmployee" name="addEmployee" time="30.158"/>
  <system-out/>
</testsuite> <!-- learnTestng2.TC_001_Hw_EditEmployee -->
