<?xml version="1.0" encoding="UTF-8"?>
<!-- Generated by org.testng.reporters.JUnitReportReporter -->
<testsuite hostname="DESKTOP-BRIO49B" failures="0" tests="1" name="learntestng.Guru99Xpath" time="15.520" errors="0" timestamp="2022-05-15T08:48:19 EDT" skipped="0">
  <testcase classname="learntestng.Guru99Xpath" name="runner" time="15.520"/>
  <system-out/>
</testsuite> <!-- learntestng.Guru99Xpath -->
