<?xml version="1.0" encoding="UTF-8"?>
<!-- Generated by org.testng.reporters.JUnitReportReporter -->
<testsuite hostname="DESKTOP-BRIO49B" failures="0" tests="3" name="learntestng.Launch" time="0.015" errors="0" timestamp="2022-05-25T09:48:47 EDT" skipped="0">
  <testcase classname="learntestng.Launch" name="aorangeLaunch" time="0.012"/>
  <system-out/>
  <testcase classname="learntestng.Launch" name="bguruLaunch" time="0.002"/>
  <system-out/>
  <testcase classname="learntestng.Launch" name="cgoogleLaunch" time="0.001"/>
  <system-out/>
</testsuite> <!-- learntestng.Launch -->
