<?xml version="1.0" encoding="UTF-8"?>
<!-- Generated by org.testng.reporters.JUnitReportReporter -->
<testsuite hostname="DESKTOP-BRIO49B" failures="0" tests="1" name="learnTestng2.TC_001_Hw_AddEmployee" time="49.543" errors="0" timestamp="2022-06-01T07:36:05 EDT" skipped="0">
  <testcase classname="learnTestng2.TC_001_Hw_AddEmployee" name="addEmployee" time="49.543"/>
  <system-out/>
</testsuite> <!-- learnTestng2.TC_001_Hw_AddEmployee -->
