<?xml version="1.0" encoding="UTF-8"?>
<!-- Generated by org.testng.reporters.JUnitReportReporter -->
<testsuite hostname="DESKTOP-BRIO49B" failures="0" tests="1" name="learntestng.LaunchOrange" time="31.988" errors="0" timestamp="2022-05-15T09:38:45 EDT" skipped="0">
  <testcase classname="learntestng.LaunchOrange" name="orangeLaunch" time="31.988"/>
  <system-out/>
</testsuite> <!-- learntestng.LaunchOrange -->
